mode: set
github.com/OpenReqEU/ri-storage-twitter/anonymization.go:19.39,21.47 2 1
github.com/OpenReqEU/ri-storage-twitter/anonymization.go:24.2,24.15 1 1
github.com/OpenReqEU/ri-storage-twitter/anonymization.go:21.47,23.3 1 1
github.com/OpenReqEU/ri-storage-twitter/anonymization.go:29.57,31.2 1 1
github.com/OpenReqEU/ri-storage-twitter/model.go:25.38,27.2 1 1
github.com/OpenReqEU/ri-storage-twitter/model.go:29.43,30.31 1 1
github.com/OpenReqEU/ri-storage-twitter/model.go:36.2,36.12 1 1
github.com/OpenReqEU/ri-storage-twitter/model.go:30.31,32.17 2 1
github.com/OpenReqEU/ri-storage-twitter/model.go:32.17,34.4 1 0
github.com/OpenReqEU/ri-storage-twitter/model.go:47.48,49.2 1 1
github.com/OpenReqEU/ri-storage-twitter/model.go:79.55,81.2 1 1
github.com/OpenReqEU/ri-storage-twitter/mongodb.go:36.71,46.16 3 0
github.com/OpenReqEU/ri-storage-twitter/mongodb.go:50.2,52.16 2 0
github.com/OpenReqEU/ri-storage-twitter/mongodb.go:46.16,48.3 1 0
github.com/OpenReqEU/ri-storage-twitter/mongodb.go:56.61,66.16 4 1
github.com/OpenReqEU/ri-storage-twitter/mongodb.go:70.2,77.16 3 1
github.com/OpenReqEU/ri-storage-twitter/mongodb.go:82.2,90.16 4 1
github.com/OpenReqEU/ri-storage-twitter/mongodb.go:95.2,103.16 4 1
github.com/OpenReqEU/ri-storage-twitter/mongodb.go:108.2,116.16 4 1
github.com/OpenReqEU/ri-storage-twitter/mongodb.go:121.2,129.16 4 1
github.com/OpenReqEU/ri-storage-twitter/mongodb.go:66.16,67.13 1 0
github.com/OpenReqEU/ri-storage-twitter/mongodb.go:77.16,78.13 1 0
github.com/OpenReqEU/ri-storage-twitter/mongodb.go:90.16,91.13 1 0
github.com/OpenReqEU/ri-storage-twitter/mongodb.go:103.16,104.13 1 0
github.com/OpenReqEU/ri-storage-twitter/mongodb.go:116.16,117.13 1 0
github.com/OpenReqEU/ri-storage-twitter/mongodb.go:129.16,130.13 1 0
github.com/OpenReqEU/ri-storage-twitter/mongodb.go:135.71,136.31 1 1
github.com/OpenReqEU/ri-storage-twitter/mongodb.go:144.2,144.13 1 1
github.com/OpenReqEU/ri-storage-twitter/mongodb.go:136.31,138.36 2 1
github.com/OpenReqEU/ri-storage-twitter/mongodb.go:138.36,141.4 2 0
github.com/OpenReqEU/ri-storage-twitter/mongodb.go:148.88,149.31 1 1
github.com/OpenReqEU/ri-storage-twitter/mongodb.go:164.2,164.13 1 1
github.com/OpenReqEU/ri-storage-twitter/mongodb.go:149.31,158.36 4 1
github.com/OpenReqEU/ri-storage-twitter/mongodb.go:158.36,161.4 2 0
github.com/OpenReqEU/ri-storage-twitter/mongodb.go:168.102,175.16 3 1
github.com/OpenReqEU/ri-storage-twitter/mongodb.go:180.2,180.15 1 1
github.com/OpenReqEU/ri-storage-twitter/mongodb.go:175.16,177.13 2 0
github.com/OpenReqEU/ri-storage-twitter/mongodb.go:184.91,191.16 3 1
github.com/OpenReqEU/ri-storage-twitter/mongodb.go:196.2,196.15 1 1
github.com/OpenReqEU/ri-storage-twitter/mongodb.go:191.16,193.13 2 0
github.com/OpenReqEU/ri-storage-twitter/mongodb.go:200.109,207.16 3 1
github.com/OpenReqEU/ri-storage-twitter/mongodb.go:212.2,212.15 1 1
github.com/OpenReqEU/ri-storage-twitter/mongodb.go:207.16,209.13 2 0
github.com/OpenReqEU/ri-storage-twitter/mongodb.go:216.100,225.16 4 1
github.com/OpenReqEU/ri-storage-twitter/mongodb.go:229.2,230.38 2 1
github.com/OpenReqEU/ri-storage-twitter/mongodb.go:234.2,243.16 5 1
github.com/OpenReqEU/ri-storage-twitter/mongodb.go:248.2,248.15 1 1
github.com/OpenReqEU/ri-storage-twitter/mongodb.go:225.16,227.13 2 0
github.com/OpenReqEU/ri-storage-twitter/mongodb.go:230.38,232.3 1 1
github.com/OpenReqEU/ri-storage-twitter/mongodb.go:243.16,245.13 2 0
github.com/OpenReqEU/ri-storage-twitter/mongodb.go:252.119,270.16 4 1
github.com/OpenReqEU/ri-storage-twitter/mongodb.go:275.2,275.15 1 1
github.com/OpenReqEU/ri-storage-twitter/mongodb.go:270.16,272.13 2 0
github.com/OpenReqEU/ri-storage-twitter/mongodb.go:279.74,286.16 3 1
github.com/OpenReqEU/ri-storage-twitter/mongodb.go:291.2,293.50 2 1
github.com/OpenReqEU/ri-storage-twitter/mongodb.go:286.16,288.13 2 0
github.com/OpenReqEU/ri-storage-twitter/mongodb.go:297.96,301.35 4 1
github.com/OpenReqEU/ri-storage-twitter/mongodb.go:306.2,306.13 1 1
github.com/OpenReqEU/ri-storage-twitter/mongodb.go:301.35,304.3 2 0
github.com/OpenReqEU/ri-storage-twitter/mongodb.go:310.81,317.16 3 1
github.com/OpenReqEU/ri-storage-twitter/mongodb.go:322.2,322.20 1 1
github.com/OpenReqEU/ri-storage-twitter/mongodb.go:317.16,319.13 2 0
github.com/OpenReqEU/ri-storage-twitter/mongodb.go:326.96,333.2 2 1
github.com/OpenReqEU/ri-storage-twitter/mongodb.go:336.82,338.35 2 1
github.com/OpenReqEU/ri-storage-twitter/mongodb.go:342.2,342.13 1 1
github.com/OpenReqEU/ri-storage-twitter/mongodb.go:338.35,341.3 2 0
github.com/OpenReqEU/ri-storage-twitter/mongodb.go:346.95,350.35 4 1
github.com/OpenReqEU/ri-storage-twitter/mongodb.go:355.2,355.13 1 1
github.com/OpenReqEU/ri-storage-twitter/mongodb.go:350.35,353.3 2 0
github.com/OpenReqEU/ri-storage-twitter/mongodb.go:359.70,366.16 3 1
github.com/OpenReqEU/ri-storage-twitter/mongodb.go:371.2,371.22 1 1
github.com/OpenReqEU/ri-storage-twitter/mongodb.go:366.16,368.13 2 0
github.com/OpenReqEU/ri-storage-twitter/mongodb.go:375.73,379.35 4 1
github.com/OpenReqEU/ri-storage-twitter/mongodb.go:384.2,384.13 1 1
github.com/OpenReqEU/ri-storage-twitter/mongodb.go:379.35,382.3 2 0
github.com/OpenReqEU/ri-storage-twitter/mongodb.go:388.82,394.16 2 1
github.com/OpenReqEU/ri-storage-twitter/mongodb.go:399.2,399.18 1 1
github.com/OpenReqEU/ri-storage-twitter/mongodb.go:394.16,396.13 2 0
github.com/OpenReqEU/ri-storage-twitter/mongodb.go:403.107,410.16 3 1
github.com/OpenReqEU/ri-storage-twitter/mongodb.go:415.2,415.34 1 1
github.com/OpenReqEU/ri-storage-twitter/mongodb.go:410.16,412.13 2 0
github.com/OpenReqEU/ri-storage-twitter/mongodb.go:419.87,427.35 4 1
github.com/OpenReqEU/ri-storage-twitter/mongodb.go:427.35,429.3 1 0
github.com/OpenReqEU/ri-storage-twitter/starter.go:26.13,39.2 8 0
github.com/OpenReqEU/ri-storage-twitter/starter.go:41.31,68.2 19 1
github.com/OpenReqEU/ri-storage-twitter/starter.go:70.56,73.16 3 1
github.com/OpenReqEU/ri-storage-twitter/starter.go:78.2,79.16 2 1
github.com/OpenReqEU/ri-storage-twitter/starter.go:86.2,92.52 5 1
github.com/OpenReqEU/ri-storage-twitter/starter.go:73.16,77.3 3 1
github.com/OpenReqEU/ri-storage-twitter/starter.go:79.16,83.3 3 0
github.com/OpenReqEU/ri-storage-twitter/starter.go:95.66,98.16 3 1
github.com/OpenReqEU/ri-storage-twitter/starter.go:103.2,104.16 2 1
github.com/OpenReqEU/ri-storage-twitter/starter.go:109.2,118.52 6 1
github.com/OpenReqEU/ri-storage-twitter/starter.go:98.16,102.3 3 1
github.com/OpenReqEU/ri-storage-twitter/starter.go:104.16,108.3 3 0
github.com/OpenReqEU/ri-storage-twitter/starter.go:121.68,124.16 3 1
github.com/OpenReqEU/ri-storage-twitter/starter.go:130.2,131.16 2 1
github.com/OpenReqEU/ri-storage-twitter/starter.go:137.2,145.8 5 1
github.com/OpenReqEU/ri-storage-twitter/starter.go:150.2,150.52 1 1
github.com/OpenReqEU/ri-storage-twitter/starter.go:124.16,128.3 3 1
github.com/OpenReqEU/ri-storage-twitter/starter.go:131.16,135.3 3 1
github.com/OpenReqEU/ri-storage-twitter/starter.go:145.8,147.3 1 1
github.com/OpenReqEU/ri-storage-twitter/starter.go:147.8,149.3 1 0
github.com/OpenReqEU/ri-storage-twitter/starter.go:153.63,156.16 3 1
github.com/OpenReqEU/ri-storage-twitter/starter.go:162.2,163.16 2 1
github.com/OpenReqEU/ri-storage-twitter/starter.go:168.2,178.29 6 1
github.com/OpenReqEU/ri-storage-twitter/starter.go:183.2,183.52 1 1
github.com/OpenReqEU/ri-storage-twitter/starter.go:156.16,160.3 3 1
github.com/OpenReqEU/ri-storage-twitter/starter.go:163.16,167.3 3 1
github.com/OpenReqEU/ri-storage-twitter/starter.go:178.29,180.3 1 1
github.com/OpenReqEU/ri-storage-twitter/starter.go:180.8,182.3 1 0
github.com/OpenReqEU/ri-storage-twitter/starter.go:186.62,189.16 3 1
github.com/OpenReqEU/ri-storage-twitter/starter.go:195.2,203.14 5 1
github.com/OpenReqEU/ri-storage-twitter/starter.go:208.2,208.52 1 1
github.com/OpenReqEU/ri-storage-twitter/starter.go:189.16,193.3 3 1
github.com/OpenReqEU/ri-storage-twitter/starter.go:203.14,205.3 1 1
github.com/OpenReqEU/ri-storage-twitter/starter.go:205.8,207.3 1 0
github.com/OpenReqEU/ri-storage-twitter/starter.go:211.65,214.16 3 1
github.com/OpenReqEU/ri-storage-twitter/starter.go:220.2,230.99 7 1
github.com/OpenReqEU/ri-storage-twitter/starter.go:214.16,218.3 3 1
github.com/OpenReqEU/ri-storage-twitter/starter.go:233.79,236.16 3 1
github.com/OpenReqEU/ri-storage-twitter/starter.go:242.2,251.30 6 1
github.com/OpenReqEU/ri-storage-twitter/starter.go:236.16,240.3 3 1
github.com/OpenReqEU/ri-storage-twitter/starter.go:254.62,270.2 10 1
github.com/OpenReqEU/ri-storage-twitter/starter.go:272.68,287.2 9 1
github.com/OpenReqEU/ri-storage-twitter/starter.go:289.80,305.2 10 1
github.com/OpenReqEU/ri-storage-twitter/starter.go:307.77,320.21 8 1
github.com/OpenReqEU/ri-storage-twitter/starter.go:320.21,323.3 2 1
github.com/OpenReqEU/ri-storage-twitter/starter.go:323.8,326.3 2 1
github.com/OpenReqEU/ri-storage-twitter/starter.go:329.82,347.2 11 1
github.com/OpenReqEU/ri-storage-twitter/starter.go:349.72,363.2 8 1
github.com/OpenReqEU/ri-storage-twitter/starter.go:365.66,374.2 6 1
github.com/OpenReqEU/ri-storage-twitter/starter.go:376.68,385.2 6 1
github.com/OpenReqEU/ri-storage-twitter/starter.go:387.70,390.16 3 1
github.com/OpenReqEU/ri-storage-twitter/starter.go:395.2,403.8 6 1
github.com/OpenReqEU/ri-storage-twitter/starter.go:390.16,394.3 3 1
github.com/OpenReqEU/ri-storage-twitter/starter.go:403.8,407.3 3 1
github.com/OpenReqEU/ri-storage-twitter/starter.go:407.8,410.3 2 0
github.com/OpenReqEU/ri-storage-twitter/starter.go:413.73,416.16 3 1
github.com/OpenReqEU/ri-storage-twitter/starter.go:422.2,427.22 5 1
github.com/OpenReqEU/ri-storage-twitter/starter.go:416.16,420.3 3 1
github.com/OpenReqEU/ri-storage-twitter/starter.go:427.22,429.3 1 1
github.com/OpenReqEU/ri-storage-twitter/starter.go:429.8,433.3 3 1
