mode: set
/Users/stanik/Documents/repos/_openreq/openreq-git/twitter/ri-storage-twitter/starter.go:26.13,61.2 25 0
/Users/stanik/Documents/repos/_openreq/openreq-git/twitter/ri-storage-twitter/starter.go:63.56,66.16 3 1
/Users/stanik/Documents/repos/_openreq/openreq-git/twitter/ri-storage-twitter/starter.go:71.2,72.16 2 1
/Users/stanik/Documents/repos/_openreq/openreq-git/twitter/ri-storage-twitter/starter.go:79.2,85.52 5 1
/Users/stanik/Documents/repos/_openreq/openreq-git/twitter/ri-storage-twitter/starter.go:66.16,70.3 3 1
/Users/stanik/Documents/repos/_openreq/openreq-git/twitter/ri-storage-twitter/starter.go:72.16,76.3 3 0
/Users/stanik/Documents/repos/_openreq/openreq-git/twitter/ri-storage-twitter/starter.go:88.66,91.16 3 0
/Users/stanik/Documents/repos/_openreq/openreq-git/twitter/ri-storage-twitter/starter.go:96.2,97.16 2 0
/Users/stanik/Documents/repos/_openreq/openreq-git/twitter/ri-storage-twitter/starter.go:102.2,111.52 6 0
/Users/stanik/Documents/repos/_openreq/openreq-git/twitter/ri-storage-twitter/starter.go:91.16,95.3 3 0
/Users/stanik/Documents/repos/_openreq/openreq-git/twitter/ri-storage-twitter/starter.go:97.16,101.3 3 0
/Users/stanik/Documents/repos/_openreq/openreq-git/twitter/ri-storage-twitter/starter.go:114.68,117.16 3 1
/Users/stanik/Documents/repos/_openreq/openreq-git/twitter/ri-storage-twitter/starter.go:123.2,124.16 2 1
/Users/stanik/Documents/repos/_openreq/openreq-git/twitter/ri-storage-twitter/starter.go:130.2,138.8 5 1
/Users/stanik/Documents/repos/_openreq/openreq-git/twitter/ri-storage-twitter/starter.go:143.2,143.52 1 1
/Users/stanik/Documents/repos/_openreq/openreq-git/twitter/ri-storage-twitter/starter.go:117.16,121.3 3 0
/Users/stanik/Documents/repos/_openreq/openreq-git/twitter/ri-storage-twitter/starter.go:124.16,128.3 3 1
/Users/stanik/Documents/repos/_openreq/openreq-git/twitter/ri-storage-twitter/starter.go:138.8,140.3 1 1
/Users/stanik/Documents/repos/_openreq/openreq-git/twitter/ri-storage-twitter/starter.go:140.8,142.3 1 0
/Users/stanik/Documents/repos/_openreq/openreq-git/twitter/ri-storage-twitter/starter.go:146.63,149.16 3 1
/Users/stanik/Documents/repos/_openreq/openreq-git/twitter/ri-storage-twitter/starter.go:155.2,156.16 2 1
/Users/stanik/Documents/repos/_openreq/openreq-git/twitter/ri-storage-twitter/starter.go:161.2,171.29 6 1
/Users/stanik/Documents/repos/_openreq/openreq-git/twitter/ri-storage-twitter/starter.go:176.2,176.52 1 1
/Users/stanik/Documents/repos/_openreq/openreq-git/twitter/ri-storage-twitter/starter.go:149.16,153.3 3 0
/Users/stanik/Documents/repos/_openreq/openreq-git/twitter/ri-storage-twitter/starter.go:156.16,160.3 3 1
/Users/stanik/Documents/repos/_openreq/openreq-git/twitter/ri-storage-twitter/starter.go:171.29,173.3 1 1
/Users/stanik/Documents/repos/_openreq/openreq-git/twitter/ri-storage-twitter/starter.go:173.8,175.3 1 0
/Users/stanik/Documents/repos/_openreq/openreq-git/twitter/ri-storage-twitter/starter.go:179.62,182.16 3 0
/Users/stanik/Documents/repos/_openreq/openreq-git/twitter/ri-storage-twitter/starter.go:188.2,196.14 5 0
/Users/stanik/Documents/repos/_openreq/openreq-git/twitter/ri-storage-twitter/starter.go:201.2,201.52 1 0
/Users/stanik/Documents/repos/_openreq/openreq-git/twitter/ri-storage-twitter/starter.go:182.16,186.3 3 0
/Users/stanik/Documents/repos/_openreq/openreq-git/twitter/ri-storage-twitter/starter.go:196.14,198.3 1 0
/Users/stanik/Documents/repos/_openreq/openreq-git/twitter/ri-storage-twitter/starter.go:198.8,200.3 1 0
/Users/stanik/Documents/repos/_openreq/openreq-git/twitter/ri-storage-twitter/starter.go:204.65,207.16 3 0
/Users/stanik/Documents/repos/_openreq/openreq-git/twitter/ri-storage-twitter/starter.go:213.2,223.99 7 0
/Users/stanik/Documents/repos/_openreq/openreq-git/twitter/ri-storage-twitter/starter.go:207.16,211.3 3 0
/Users/stanik/Documents/repos/_openreq/openreq-git/twitter/ri-storage-twitter/starter.go:226.79,229.16 3 0
/Users/stanik/Documents/repos/_openreq/openreq-git/twitter/ri-storage-twitter/starter.go:235.2,244.30 6 0
/Users/stanik/Documents/repos/_openreq/openreq-git/twitter/ri-storage-twitter/starter.go:229.16,233.3 3 0
/Users/stanik/Documents/repos/_openreq/openreq-git/twitter/ri-storage-twitter/starter.go:247.62,263.2 10 1
/Users/stanik/Documents/repos/_openreq/openreq-git/twitter/ri-storage-twitter/starter.go:265.68,280.2 9 1
/Users/stanik/Documents/repos/_openreq/openreq-git/twitter/ri-storage-twitter/starter.go:282.80,298.2 10 0
/Users/stanik/Documents/repos/_openreq/openreq-git/twitter/ri-storage-twitter/starter.go:300.77,313.21 8 1
/Users/stanik/Documents/repos/_openreq/openreq-git/twitter/ri-storage-twitter/starter.go:313.21,316.3 2 1
/Users/stanik/Documents/repos/_openreq/openreq-git/twitter/ri-storage-twitter/starter.go:316.8,319.3 2 1
/Users/stanik/Documents/repos/_openreq/openreq-git/twitter/ri-storage-twitter/starter.go:322.82,340.2 11 1
/Users/stanik/Documents/repos/_openreq/openreq-git/twitter/ri-storage-twitter/starter.go:342.72,356.2 8 1
/Users/stanik/Documents/repos/_openreq/openreq-git/twitter/ri-storage-twitter/starter.go:358.66,367.2 6 1
/Users/stanik/Documents/repos/_openreq/openreq-git/twitter/ri-storage-twitter/starter.go:369.68,378.2 6 1
/Users/stanik/Documents/repos/_openreq/openreq-git/twitter/ri-storage-twitter/starter.go:380.70,383.16 3 1
/Users/stanik/Documents/repos/_openreq/openreq-git/twitter/ri-storage-twitter/starter.go:388.2,396.8 6 1
/Users/stanik/Documents/repos/_openreq/openreq-git/twitter/ri-storage-twitter/starter.go:383.16,387.3 3 0
/Users/stanik/Documents/repos/_openreq/openreq-git/twitter/ri-storage-twitter/starter.go:396.8,400.3 3 1
/Users/stanik/Documents/repos/_openreq/openreq-git/twitter/ri-storage-twitter/starter.go:400.8,403.3 2 0
/Users/stanik/Documents/repos/_openreq/openreq-git/twitter/ri-storage-twitter/starter.go:406.73,409.16 3 0
/Users/stanik/Documents/repos/_openreq/openreq-git/twitter/ri-storage-twitter/starter.go:415.2,420.22 5 0
/Users/stanik/Documents/repos/_openreq/openreq-git/twitter/ri-storage-twitter/starter.go:409.16,413.3 3 0
/Users/stanik/Documents/repos/_openreq/openreq-git/twitter/ri-storage-twitter/starter.go:420.22,422.3 1 0
/Users/stanik/Documents/repos/_openreq/openreq-git/twitter/ri-storage-twitter/starter.go:422.8,426.3 3 0
/Users/stanik/Documents/repos/_openreq/openreq-git/twitter/ri-storage-twitter/model.go:25.38,27.2 1 1
/Users/stanik/Documents/repos/_openreq/openreq-git/twitter/ri-storage-twitter/model.go:29.43,30.31 1 1
/Users/stanik/Documents/repos/_openreq/openreq-git/twitter/ri-storage-twitter/model.go:36.2,36.12 1 1
/Users/stanik/Documents/repos/_openreq/openreq-git/twitter/ri-storage-twitter/model.go:30.31,32.17 2 1
/Users/stanik/Documents/repos/_openreq/openreq-git/twitter/ri-storage-twitter/model.go:32.17,34.4 1 0
/Users/stanik/Documents/repos/_openreq/openreq-git/twitter/ri-storage-twitter/model.go:47.48,49.2 1 1
/Users/stanik/Documents/repos/_openreq/openreq-git/twitter/ri-storage-twitter/model.go:80.55,82.2 1 1
/Users/stanik/Documents/repos/_openreq/openreq-git/twitter/ri-storage-twitter/mongodb.go:37.71,47.16 3 0
/Users/stanik/Documents/repos/_openreq/openreq-git/twitter/ri-storage-twitter/mongodb.go:51.2,53.16 2 0
/Users/stanik/Documents/repos/_openreq/openreq-git/twitter/ri-storage-twitter/mongodb.go:47.16,49.3 1 0
/Users/stanik/Documents/repos/_openreq/openreq-git/twitter/ri-storage-twitter/mongodb.go:57.61,67.16 4 1
/Users/stanik/Documents/repos/_openreq/openreq-git/twitter/ri-storage-twitter/mongodb.go:71.2,78.16 3 1
/Users/stanik/Documents/repos/_openreq/openreq-git/twitter/ri-storage-twitter/mongodb.go:83.2,91.16 4 1
/Users/stanik/Documents/repos/_openreq/openreq-git/twitter/ri-storage-twitter/mongodb.go:96.2,104.16 4 1
/Users/stanik/Documents/repos/_openreq/openreq-git/twitter/ri-storage-twitter/mongodb.go:109.2,117.16 4 1
/Users/stanik/Documents/repos/_openreq/openreq-git/twitter/ri-storage-twitter/mongodb.go:122.2,130.16 4 1
/Users/stanik/Documents/repos/_openreq/openreq-git/twitter/ri-storage-twitter/mongodb.go:67.16,68.13 1 0
/Users/stanik/Documents/repos/_openreq/openreq-git/twitter/ri-storage-twitter/mongodb.go:78.16,79.13 1 0
/Users/stanik/Documents/repos/_openreq/openreq-git/twitter/ri-storage-twitter/mongodb.go:91.16,92.13 1 0
/Users/stanik/Documents/repos/_openreq/openreq-git/twitter/ri-storage-twitter/mongodb.go:104.16,105.13 1 0
/Users/stanik/Documents/repos/_openreq/openreq-git/twitter/ri-storage-twitter/mongodb.go:117.16,118.13 1 0
/Users/stanik/Documents/repos/_openreq/openreq-git/twitter/ri-storage-twitter/mongodb.go:130.16,131.13 1 0
/Users/stanik/Documents/repos/_openreq/openreq-git/twitter/ri-storage-twitter/mongodb.go:136.71,137.31 1 1
/Users/stanik/Documents/repos/_openreq/openreq-git/twitter/ri-storage-twitter/mongodb.go:145.2,145.13 1 1
/Users/stanik/Documents/repos/_openreq/openreq-git/twitter/ri-storage-twitter/mongodb.go:137.31,139.36 2 1
/Users/stanik/Documents/repos/_openreq/openreq-git/twitter/ri-storage-twitter/mongodb.go:139.36,142.4 2 0
/Users/stanik/Documents/repos/_openreq/openreq-git/twitter/ri-storage-twitter/mongodb.go:149.88,150.31 1 0
/Users/stanik/Documents/repos/_openreq/openreq-git/twitter/ri-storage-twitter/mongodb.go:165.2,165.13 1 0
/Users/stanik/Documents/repos/_openreq/openreq-git/twitter/ri-storage-twitter/mongodb.go:150.31,159.36 4 0
/Users/stanik/Documents/repos/_openreq/openreq-git/twitter/ri-storage-twitter/mongodb.go:159.36,162.4 2 0
/Users/stanik/Documents/repos/_openreq/openreq-git/twitter/ri-storage-twitter/mongodb.go:169.102,176.16 3 1
/Users/stanik/Documents/repos/_openreq/openreq-git/twitter/ri-storage-twitter/mongodb.go:181.2,181.15 1 1
/Users/stanik/Documents/repos/_openreq/openreq-git/twitter/ri-storage-twitter/mongodb.go:176.16,178.13 2 0
/Users/stanik/Documents/repos/_openreq/openreq-git/twitter/ri-storage-twitter/mongodb.go:185.91,192.16 3 1
/Users/stanik/Documents/repos/_openreq/openreq-git/twitter/ri-storage-twitter/mongodb.go:197.2,197.15 1 1
/Users/stanik/Documents/repos/_openreq/openreq-git/twitter/ri-storage-twitter/mongodb.go:192.16,194.13 2 0
/Users/stanik/Documents/repos/_openreq/openreq-git/twitter/ri-storage-twitter/mongodb.go:201.109,208.16 3 0
/Users/stanik/Documents/repos/_openreq/openreq-git/twitter/ri-storage-twitter/mongodb.go:213.2,213.15 1 0
/Users/stanik/Documents/repos/_openreq/openreq-git/twitter/ri-storage-twitter/mongodb.go:208.16,210.13 2 0
/Users/stanik/Documents/repos/_openreq/openreq-git/twitter/ri-storage-twitter/mongodb.go:217.100,226.16 4 1
/Users/stanik/Documents/repos/_openreq/openreq-git/twitter/ri-storage-twitter/mongodb.go:230.2,231.38 2 1
/Users/stanik/Documents/repos/_openreq/openreq-git/twitter/ri-storage-twitter/mongodb.go:235.2,244.16 5 1
/Users/stanik/Documents/repos/_openreq/openreq-git/twitter/ri-storage-twitter/mongodb.go:249.2,249.15 1 1
/Users/stanik/Documents/repos/_openreq/openreq-git/twitter/ri-storage-twitter/mongodb.go:226.16,228.13 2 0
/Users/stanik/Documents/repos/_openreq/openreq-git/twitter/ri-storage-twitter/mongodb.go:231.38,233.3 1 1
/Users/stanik/Documents/repos/_openreq/openreq-git/twitter/ri-storage-twitter/mongodb.go:244.16,246.13 2 0
/Users/stanik/Documents/repos/_openreq/openreq-git/twitter/ri-storage-twitter/mongodb.go:253.119,271.16 4 1
/Users/stanik/Documents/repos/_openreq/openreq-git/twitter/ri-storage-twitter/mongodb.go:276.2,276.15 1 1
/Users/stanik/Documents/repos/_openreq/openreq-git/twitter/ri-storage-twitter/mongodb.go:271.16,273.13 2 0
/Users/stanik/Documents/repos/_openreq/openreq-git/twitter/ri-storage-twitter/mongodb.go:280.74,287.16 3 1
/Users/stanik/Documents/repos/_openreq/openreq-git/twitter/ri-storage-twitter/mongodb.go:292.2,294.50 2 1
/Users/stanik/Documents/repos/_openreq/openreq-git/twitter/ri-storage-twitter/mongodb.go:287.16,289.13 2 0
/Users/stanik/Documents/repos/_openreq/openreq-git/twitter/ri-storage-twitter/mongodb.go:298.96,302.35 4 1
/Users/stanik/Documents/repos/_openreq/openreq-git/twitter/ri-storage-twitter/mongodb.go:307.2,307.13 1 1
/Users/stanik/Documents/repos/_openreq/openreq-git/twitter/ri-storage-twitter/mongodb.go:302.35,305.3 2 0
/Users/stanik/Documents/repos/_openreq/openreq-git/twitter/ri-storage-twitter/mongodb.go:311.81,318.16 3 1
/Users/stanik/Documents/repos/_openreq/openreq-git/twitter/ri-storage-twitter/mongodb.go:323.2,323.20 1 1
/Users/stanik/Documents/repos/_openreq/openreq-git/twitter/ri-storage-twitter/mongodb.go:318.16,320.13 2 0
/Users/stanik/Documents/repos/_openreq/openreq-git/twitter/ri-storage-twitter/mongodb.go:327.96,334.2 2 1
/Users/stanik/Documents/repos/_openreq/openreq-git/twitter/ri-storage-twitter/mongodb.go:337.82,339.35 2 1
/Users/stanik/Documents/repos/_openreq/openreq-git/twitter/ri-storage-twitter/mongodb.go:343.2,343.13 1 1
/Users/stanik/Documents/repos/_openreq/openreq-git/twitter/ri-storage-twitter/mongodb.go:339.35,342.3 2 0
/Users/stanik/Documents/repos/_openreq/openreq-git/twitter/ri-storage-twitter/mongodb.go:347.95,351.35 4 1
/Users/stanik/Documents/repos/_openreq/openreq-git/twitter/ri-storage-twitter/mongodb.go:356.2,356.13 1 1
/Users/stanik/Documents/repos/_openreq/openreq-git/twitter/ri-storage-twitter/mongodb.go:351.35,354.3 2 0
/Users/stanik/Documents/repos/_openreq/openreq-git/twitter/ri-storage-twitter/mongodb.go:360.70,367.16 3 1
/Users/stanik/Documents/repos/_openreq/openreq-git/twitter/ri-storage-twitter/mongodb.go:372.2,372.22 1 1
/Users/stanik/Documents/repos/_openreq/openreq-git/twitter/ri-storage-twitter/mongodb.go:367.16,369.13 2 0
/Users/stanik/Documents/repos/_openreq/openreq-git/twitter/ri-storage-twitter/mongodb.go:376.73,380.35 4 0
/Users/stanik/Documents/repos/_openreq/openreq-git/twitter/ri-storage-twitter/mongodb.go:385.2,385.13 1 0
/Users/stanik/Documents/repos/_openreq/openreq-git/twitter/ri-storage-twitter/mongodb.go:380.35,383.3 2 0
/Users/stanik/Documents/repos/_openreq/openreq-git/twitter/ri-storage-twitter/mongodb.go:389.82,395.16 2 0
/Users/stanik/Documents/repos/_openreq/openreq-git/twitter/ri-storage-twitter/mongodb.go:400.2,400.18 1 0
/Users/stanik/Documents/repos/_openreq/openreq-git/twitter/ri-storage-twitter/mongodb.go:395.16,397.13 2 0
/Users/stanik/Documents/repos/_openreq/openreq-git/twitter/ri-storage-twitter/mongodb.go:404.107,411.16 3 0
/Users/stanik/Documents/repos/_openreq/openreq-git/twitter/ri-storage-twitter/mongodb.go:416.2,416.34 1 0
/Users/stanik/Documents/repos/_openreq/openreq-git/twitter/ri-storage-twitter/mongodb.go:411.16,413.13 2 0
/Users/stanik/Documents/repos/_openreq/openreq-git/twitter/ri-storage-twitter/mongodb.go:420.87,428.35 4 0
/Users/stanik/Documents/repos/_openreq/openreq-git/twitter/ri-storage-twitter/mongodb.go:428.35,430.3 1 0
